<?xml version="1.0" encoding="UTF-8"?>
<!-- Generated by org.testng.reporters.JUnitXMLReporter -->
<testsuite ignored="0" hostname="LAPTOP-I7J4S3QJ" failures="0" tests="2" name="Test Odyssey e-Commerce Site" time="47.228" errors="0" timestamp="2023-01-17T14:36:30 IST">
  <testcase classname="io.cucumber.testng.AbstractTestNGCucumberTests" name="runScenario" time="3.401"/>
  <testcase classname="io.cucumber.testng.AbstractTestNGCucumberTests" name="runScenario" time="34.854"/>
</testsuite> <!-- Test Odyssey e-Commerce Site -->
