<?xml version="1.0" encoding="UTF-8"?>
<!-- Generated by org.testng.reporters.JUnitXMLReporter -->
<testsuite ignored="0" hostname="LAPTOP-I7J4S3QJ" failures="0" tests="2" name="Test Odyssey e-Commerce Site" time="49.34" errors="0" timestamp="2023-01-17T13:10:05 IST">
  <testcase classname="io.cucumber.testng.AbstractTestNGCucumberTests" name="runScenario" time="4.49"/>
  <testcase classname="io.cucumber.testng.AbstractTestNGCucumberTests" name="runScenario" time="32.675"/>
</testsuite> <!-- Test Odyssey e-Commerce Site -->
