{"uuid":"1ff49bc1-93fb-4e01-8ae6-f13b1f7088b5","historyId":"bca5bd967757429600e6a76a8a16c01a","fullName":"Browse and purchase books: Verify that user is able to Complete the Order","labels":[{"name":"tag","value":"EndToEnd"},{"name":"host","value":"LAPTOP-I7J4S3QJ"},{"name":"thread","value":"43620@LAPTOP-I7J4S3QJ.main(1)"},{"name":"feature","value":"Browse and purchase books"},{"name":"story","value":"Verify that user is able to Complete the Order"},{"name":"suite","value":"Browse and purchase books"},{"name":"testClass","value":"Verify that user is able to Complete the Order"},{"name":"framework","value":"cucumber4jvm"},{"name":"language","value":"java"},{"name":"gherkin_uri","value":"file:///C:/Users/Kumaresh/Downloads/Personalization/src/test/java/com/odyssey/Features/PurchaseBooks.feature"},{"name":"package","value":"src.test.java.com.odyssey.Features.PurchaseBooks_feature.Browse and purchase books"}],"links":[],"name":"Verify that user is able to Complete the Order","status":"broken","statusDetails":{"known":false,"muted":false,"flaky":false,"message":"stale element reference: element is not attached to the page document\n  (Session info: chrome=109.0.5414.75)\nFor documentation on this error, please visit: https://selenium.dev/exceptions/#stale_element_reference\nBuild info: version: '4.7.2', revision: '4d4020c3b7'\nSystem info: os.name: 'Windows 10', os.arch: 'amd64', os.version: '10.0', java.version: '17'\nDriver info: org.openqa.selenium.chrome.ChromeDriver\nCommand: [d4e0959bd8bf0596da594816806eda1e, getElementText {id=bf6418f3-b6ff-41e0-8765-affddbeabf48}]\nCapabilities {acceptInsecureCerts: false, browserName: chrome, browserVersion: 109.0.5414.75, chrome: {chromedriverVersion: 109.0.5414.74 (e7c5703604da..., userDataDir: C:\\Users\\Kumaresh\\AppData\\L...}, goog:chromeOptions: {debuggerAddress: localhost:63151}, networkConnectionEnabled: false, pageLoadStrategy: normal, platformName: WINDOWS, proxy: Proxy(), se:cdp: ws://localhost:63151/devtoo..., se:cdpVersion: 109.0.5414.75, setWindowRect: true, strictFileInteractability: false, timeouts: {implicit: 0, pageLoad: 300000, script: 30000}, unhandledPromptBehavior: dismiss and notify, webauthn:extension:credBlob: true, webauthn:extension:largeBlob: true, webauthn:virtualAuthenticators: true}\nElement: [[ChromeDriver: chrome on WINDOWS (d4e0959bd8bf0596da594816806eda1e)] -> xpath: /html/body/main/div[1]/section/div[1]/div[2]/div[2]/div/div/div/div[3]/div[1]/div[2]/div/a]\nSession ID: d4e0959bd8bf0596da594816806eda1e","trace":"org.openqa.selenium.StaleElementReferenceException: stale element reference: element is not attached to the page document\n  (Session info: chrome=109.0.5414.75)\nFor documentation on this error, please visit: https://selenium.dev/exceptions/#stale_element_reference\nBuild info: version: '4.7.2', revision: '4d4020c3b7'\nSystem info: os.name: 'Windows 10', os.arch: 'amd64', os.version: '10.0', java.version: '17'\nDriver info: org.openqa.selenium.chrome.ChromeDriver\nCommand: [d4e0959bd8bf0596da594816806eda1e, getElementText {id=bf6418f3-b6ff-41e0-8765-affddbeabf48}]\nCapabilities {acceptInsecureCerts: false, browserName: chrome, browserVersion: 109.0.5414.75, chrome: {chromedriverVersion: 109.0.5414.74 (e7c5703604da..., userDataDir: C:\\Users\\Kumaresh\\AppData\\L...}, goog:chromeOptions: {debuggerAddress: localhost:63151}, networkConnectionEnabled: false, pageLoadStrategy: normal, platformName: WINDOWS, proxy: Proxy(), se:cdp: ws://localhost:63151/devtoo..., se:cdpVersion: 109.0.5414.75, setWindowRect: true, strictFileInteractability: false, timeouts: {implicit: 0, pageLoad: 300000, script: 30000}, unhandledPromptBehavior: dismiss and notify, webauthn:extension:credBlob: true, webauthn:extension:largeBlob: true, webauthn:virtualAuthenticators: true}\nElement: [[ChromeDriver: chrome on WINDOWS (d4e0959bd8bf0596da594816806eda1e)] -> xpath: /html/body/main/div[1]/section/div[1]/div[2]/div[2]/div/div/div/div[3]/div[1]/div[2]/div/a]\nSession ID: d4e0959bd8bf0596da594816806eda1e\r\n\tat java.base/jdk.internal.reflect.NativeConstructorAccessorImpl.newInstance0(Native Method)\r\n\tat java.base/jdk.internal.reflect.NativeConstructorAccessorImpl.newInstance(NativeConstructorAccessorImpl.java:77)\r\n\tat java.base/jdk.internal.reflect.DelegatingConstructorAccessorImpl.newInstance(DelegatingConstructorAccessorImpl.java:45)\r\n\tat java.base/java.lang.reflect.Constructor.newInstanceWithCaller(Constructor.java:499)\r\n\tat java.base/java.lang.reflect.Constructor.newInstance(Constructor.java:480)\r\n\tat org.openqa.selenium.remote.codec.w3c.W3CHttpResponseCodec.createException(W3CHttpResponseCodec.java:200)\r\n\tat org.openqa.selenium.remote.codec.w3c.W3CHttpResponseCodec.decode(W3CHttpResponseCodec.java:133)\r\n\tat org.openqa.selenium.remote.codec.w3c.W3CHttpResponseCodec.decode(W3CHttpResponseCodec.java:53)\r\n\tat org.openqa.selenium.remote.HttpCommandExecutor.execute(HttpCommandExecutor.java:184)\r\n\tat org.openqa.selenium.remote.service.DriverCommandExecutor.invokeExecute(DriverCommandExecutor.java:167)\r\n\tat org.openqa.selenium.remote.service.DriverCommandExecutor.execute(DriverCommandExecutor.java:142)\r\n\tat org.openqa.selenium.remote.RemoteWebDriver.execute(RemoteWebDriver.java:535)\r\n\tat org.openqa.selenium.remote.RemoteWebElement.execute(RemoteWebElement.java:257)\r\n\tat org.openqa.selenium.remote.RemoteWebElement.getText(RemoteWebElement.java:207)\r\n\tat java.base/jdk.internal.reflect.NativeMethodAccessorImpl.invoke0(Native Method)\r\n\tat java.base/jdk.internal.reflect.NativeMethodAccessorImpl.invoke(NativeMethodAccessorImpl.java:77)\r\n\tat java.base/jdk.internal.reflect.DelegatingMethodAccessorImpl.invoke(DelegatingMethodAccessorImpl.java:43)\r\n\tat java.base/java.lang.reflect.Method.invoke(Method.java:568)\r\n\tat org.openqa.selenium.support.pagefactory.internal.LocatingElementHandler.invoke(LocatingElementHandler.java:52)\r\n\tat jdk.proxy2/jdk.proxy2.$Proxy43.getText(Unknown Source)\r\n\tat com.odyssey.PageObjects.BooksListPage.getFirstBookName(BooksListPage.java:59)\r\n\tat com.odyssey.Stepdef.BooksPurchaseStepDef.addTheBookToCart(BooksPurchaseStepDef.java:141)\r\n\tat ✽.Add the \"ZERO TO ONE\" Book to Cart(file:///C:/Users/Kumaresh/Downloads/Personalization/src/test/java/com/odyssey/Features/PurchaseBooks.feature:28)\r\n"},"stage":"finished","steps":[{"name":"Then  I am on the \"Home page\"","status":"passed","statusDetails":{"known":false,"muted":false,"flaky":false},"stage":"finished","steps":[],"attachments":[],"parameters":[],"start":1674045650511,"stop":1674045650694},{"name":"And  I click on the \"Books\" link in the navigation menu","status":"passed","statusDetails":{"known":false,"muted":false,"flaky":false},"stage":"finished","steps":[],"attachments":[],"parameters":[],"start":1674045650695,"stop":1674045651543},{"name":"Then  I should see a list of products on the \"Books\" page","status":"passed","statusDetails":{"known":false,"muted":false,"flaky":false},"stage":"finished","steps":[],"attachments":[],"parameters":[],"start":1674045651543,"stop":1674045651666},{"name":"And  Sort the books with descending order","status":"passed","statusDetails":{"known":false,"muted":false,"flaky":false},"stage":"finished","steps":[],"attachments":[],"parameters":[],"start":1674045651666,"stop":1674045651872},{"name":"And  Find the first Best Seller book name","status":"passed","statusDetails":{"known":false,"muted":false,"flaky":false},"stage":"finished","steps":[],"attachments":[],"parameters":[],"start":1674045651872,"stop":1674045652208},{"name":"And  Add the \"ZERO TO ONE\" Book to Cart","status":"broken","statusDetails":{"known":false,"muted":false,"flaky":false,"message":"stale element reference: element is not attached to the page document\n  (Session info: chrome=109.0.5414.75)\nFor documentation on this error, please visit: https://selenium.dev/exceptions/#stale_element_reference\nBuild info: version: '4.7.2', revision: '4d4020c3b7'\nSystem info: os.name: 'Windows 10', os.arch: 'amd64', os.version: '10.0', java.version: '17'\nDriver info: org.openqa.selenium.chrome.ChromeDriver\nCommand: [d4e0959bd8bf0596da594816806eda1e, getElementText {id=bf6418f3-b6ff-41e0-8765-affddbeabf48}]\nCapabilities {acceptInsecureCerts: false, browserName: chrome, browserVersion: 109.0.5414.75, chrome: {chromedriverVersion: 109.0.5414.74 (e7c5703604da..., userDataDir: C:\\Users\\Kumaresh\\AppData\\L...}, goog:chromeOptions: {debuggerAddress: localhost:63151}, networkConnectionEnabled: false, pageLoadStrategy: normal, platformName: WINDOWS, proxy: Proxy(), se:cdp: ws://localhost:63151/devtoo..., se:cdpVersion: 109.0.5414.75, setWindowRect: true, strictFileInteractability: false, timeouts: {implicit: 0, pageLoad: 300000, script: 30000}, unhandledPromptBehavior: dismiss and notify, webauthn:extension:credBlob: true, webauthn:extension:largeBlob: true, webauthn:virtualAuthenticators: true}\nElement: [[ChromeDriver: chrome on WINDOWS (d4e0959bd8bf0596da594816806eda1e)] -> xpath: /html/body/main/div[1]/section/div[1]/div[2]/div[2]/div/div/div/div[3]/div[1]/div[2]/div/a]\nSession ID: d4e0959bd8bf0596da594816806eda1e","trace":"org.openqa.selenium.StaleElementReferenceException: stale element reference: element is not attached to the page document\n  (Session info: chrome=109.0.5414.75)\nFor documentation on this error, please visit: https://selenium.dev/exceptions/#stale_element_reference\nBuild info: version: '4.7.2', revision: '4d4020c3b7'\nSystem info: os.name: 'Windows 10', os.arch: 'amd64', os.version: '10.0', java.version: '17'\nDriver info: org.openqa.selenium.chrome.ChromeDriver\nCommand: [d4e0959bd8bf0596da594816806eda1e, getElementText {id=bf6418f3-b6ff-41e0-8765-affddbeabf48}]\nCapabilities {acceptInsecureCerts: false, browserName: chrome, browserVersion: 109.0.5414.75, chrome: {chromedriverVersion: 109.0.5414.74 (e7c5703604da..., userDataDir: C:\\Users\\Kumaresh\\AppData\\L...}, goog:chromeOptions: {debuggerAddress: localhost:63151}, networkConnectionEnabled: false, pageLoadStrategy: normal, platformName: WINDOWS, proxy: Proxy(), se:cdp: ws://localhost:63151/devtoo..., se:cdpVersion: 109.0.5414.75, setWindowRect: true, strictFileInteractability: false, timeouts: {implicit: 0, pageLoad: 300000, script: 30000}, unhandledPromptBehavior: dismiss and notify, webauthn:extension:credBlob: true, webauthn:extension:largeBlob: true, webauthn:virtualAuthenticators: true}\nElement: [[ChromeDriver: chrome on WINDOWS (d4e0959bd8bf0596da594816806eda1e)] -> xpath: /html/body/main/div[1]/section/div[1]/div[2]/div[2]/div/div/div/div[3]/div[1]/div[2]/div/a]\nSession ID: d4e0959bd8bf0596da594816806eda1e\r\n\tat java.base/jdk.internal.reflect.NativeConstructorAccessorImpl.newInstance0(Native Method)\r\n\tat java.base/jdk.internal.reflect.NativeConstructorAccessorImpl.newInstance(NativeConstructorAccessorImpl.java:77)\r\n\tat java.base/jdk.internal.reflect.DelegatingConstructorAccessorImpl.newInstance(DelegatingConstructorAccessorImpl.java:45)\r\n\tat java.base/java.lang.reflect.Constructor.newInstanceWithCaller(Constructor.java:499)\r\n\tat java.base/java.lang.reflect.Constructor.newInstance(Constructor.java:480)\r\n\tat org.openqa.selenium.remote.codec.w3c.W3CHttpResponseCodec.createException(W3CHttpResponseCodec.java:200)\r\n\tat org.openqa.selenium.remote.codec.w3c.W3CHttpResponseCodec.decode(W3CHttpResponseCodec.java:133)\r\n\tat org.openqa.selenium.remote.codec.w3c.W3CHttpResponseCodec.decode(W3CHttpResponseCodec.java:53)\r\n\tat org.openqa.selenium.remote.HttpCommandExecutor.execute(HttpCommandExecutor.java:184)\r\n\tat org.openqa.selenium.remote.service.DriverCommandExecutor.invokeExecute(DriverCommandExecutor.java:167)\r\n\tat org.openqa.selenium.remote.service.DriverCommandExecutor.execute(DriverCommandExecutor.java:142)\r\n\tat org.openqa.selenium.remote.RemoteWebDriver.execute(RemoteWebDriver.java:535)\r\n\tat org.openqa.selenium.remote.RemoteWebElement.execute(RemoteWebElement.java:257)\r\n\tat org.openqa.selenium.remote.RemoteWebElement.getText(RemoteWebElement.java:207)\r\n\tat java.base/jdk.internal.reflect.NativeMethodAccessorImpl.invoke0(Native Method)\r\n\tat java.base/jdk.internal.reflect.NativeMethodAccessorImpl.invoke(NativeMethodAccessorImpl.java:77)\r\n\tat java.base/jdk.internal.reflect.DelegatingMethodAccessorImpl.invoke(DelegatingMethodAccessorImpl.java:43)\r\n\tat java.base/java.lang.reflect.Method.invoke(Method.java:568)\r\n\tat org.openqa.selenium.support.pagefactory.internal.LocatingElementHandler.invoke(LocatingElementHandler.java:52)\r\n\tat jdk.proxy2/jdk.proxy2.$Proxy43.getText(Unknown Source)\r\n\tat com.odyssey.PageObjects.BooksListPage.getFirstBookName(BooksListPage.java:59)\r\n\tat com.odyssey.Stepdef.BooksPurchaseStepDef.addTheBookToCart(BooksPurchaseStepDef.java:141)\r\n\tat ✽.Add the \"ZERO TO ONE\" Book to Cart(file:///C:/Users/Kumaresh/Downloads/Personalization/src/test/java/com/odyssey/Features/PurchaseBooks.feature:28)\r\n"},"stage":"finished","steps":[],"attachments":[],"parameters":[],"start":1674045652208,"stop":1674045652267},{"name":"And  I am on the \"My Cart page\"","status":"skipped","statusDetails":{"known":false,"muted":false,"flaky":false},"stage":"finished","steps":[],"attachments":[],"parameters":[],"start":1674045652268,"stop":1674045652269},{"name":"And  Checkout and Add contact information","status":"skipped","statusDetails":{"known":false,"muted":false,"flaky":false},"stage":"finished","steps":[],"attachments":[],"parameters":[],"start":1674045652269,"stop":1674045652269},{"name":"And  Complete the Order","status":"skipped","statusDetails":{"known":false,"muted":false,"flaky":false},"stage":"finished","steps":[],"attachments":[],"parameters":[],"start":1674045652270,"stop":1674045652270}],"attachments":[],"parameters":[],"start":1674045650511,"stop":1674045653391}