<?xml version="1.0" encoding="UTF-8"?>
<testsuite xmlns:xsi="http://www.w3.org/2001/XMLSchema-instance" xsi:noNamespaceSchemaLocation="https://maven.apache.org/surefire/maven-surefire-plugin/xsd/surefire-test-report-3.0.xsd" version="3.0" name="TestSuite" time="50.385" tests="2" errors="0" skipped="0" failures="0">
  <properties>
[...]
</properties>
  <testcase name="runScenario[&quot;Verify that the list of Books are getting displayed on the Books page&quot;, &quot;Browse and purchase books&quot;](1)" classname="com.odyssey.TestRunner.TestRunnerPurchaseBooks" time="4.497">
    <system-out><![CDATA[2023-01-17 13:09:17,799 INFO [main] Browser Maximized...
Products tile count : 1
]]></system-out>
    <system-err><![CDATA[SLF4J: No SLF4J providers were found.
SLF4J: Defaulting to no-operation (NOP) logger implementation
SLF4J: See https://www.slf4j.org/codes.html#noProviders for further details.
Starting ChromeDriver 109.0.5414.74 (e7c5703604daa9cc128ccf5a5d3e993513758913-refs/branch-heads/5414@{#1172}) on port 46718
Only local connections are allowed.
Please see https://chromedriver.chromium.org/security-considerations for suggestions on keeping ChromeDriver safe.
ChromeDriver was started successfully.
Jan 17, 2023 1:09:17 PM org.openqa.selenium.devtools.CdpVersionFinder findNearestMatch
WARNING: Unable to find an exact match for CDP version 109, so returning the closest version found: 108
]]></system-err>
  </testcase>
  <testcase name="runScenario[&quot;Verify that user is able to Complete the Order&quot;, &quot;Browse and purchase books&quot;](2)" classname="com.odyssey.TestRunner.TestRunnerPurchaseBooks" time="32.674">
    <system-out><![CDATA[Products tile count : 1
FirstBookName : ZERO TO ONE
]]></system-out>
  </testcase>
</testsuite>