<?xml version="1.0" encoding="UTF-8"?>
<testng-results ignored="0" total="2" passed="2" failed="0" skipped="0">
  <reporter-output>
  </reporter-output>
  <suite started-at="2023-01-17T13:09:16 IST" name="Automation Suite" finished-at="2023-01-17T13:10:05 IST" duration-ms="49340">
    <groups>
      <group name="cucumber">
        <method signature="AbstractTestNGCucumberTests.runScenario(io.cucumber.testng.PickleWrapper,io.cucumber.testng.FeatureWrapper)[pri:0, instance:com.odyssey.TestRunner.TestRunnerPurchaseBooks@13f95696]" name="runScenario" class="io.cucumber.testng.AbstractTestNGCucumberTests"/>
      </group> <!-- cucumber -->
    </groups>
    <test started-at="2023-01-17T13:09:16 IST" name="Test Odyssey e-Commerce Site" finished-at="2023-01-17T13:10:05 IST" duration-ms="49340">
      <class name="com.odyssey.TestRunner.TestRunnerPurchaseBooks">
        <test-method is-config="true" signature="setup()[pri:0, instance:com.odyssey.TestRunner.TestRunnerPurchaseBooks@13f95696]" started-at="2023-01-17T13:09:16 IST" name="setup" finished-at="2023-01-17T13:09:16 IST" duration-ms="38" status="PASS">
          <reporter-output>
          </reporter-output>
        </test-method> <!-- setup -->
        <test-method is-config="true" signature="setUp()[pri:0, instance:com.odyssey.TestRunner.TestRunnerPurchaseBooks@13f95696]" started-at="2023-01-17T13:09:16 IST" name="setUp" finished-at="2023-01-17T13:09:24 IST" duration-ms="8141" status="PASS">
          <reporter-output>
          </reporter-output>
        </test-method> <!-- setUp -->
        <test-method is-config="true" signature="setUpClass(org.testng.ITestContext)[pri:0, instance:com.odyssey.TestRunner.TestRunnerPurchaseBooks@13f95696]" started-at="2023-01-17T13:09:24 IST" name="setUpClass" finished-at="2023-01-17T13:09:25 IST" duration-ms="969" status="PASS">
          <params>
            <param index="0">
              <value>
                <![CDATA[org.testng.TestRunner@66b90ab3]]>
              </value>
            </param>
          </params>
          <reporter-output>
          </reporter-output>
        </test-method> <!-- setUpClass -->
        <test-method signature="runScenario(io.cucumber.testng.PickleWrapper,io.cucumber.testng.FeatureWrapper)[pri:0, instance:com.odyssey.TestRunner.TestRunnerPurchaseBooks@13f95696]" started-at="2023-01-17T13:09:25 IST" name="runScenario" description="Runs Cucumber Scenarios" data-provider="scenarios" finished-at="2023-01-17T13:09:29 IST" duration-ms="4490" status="PASS">
          <params>
            <param index="0">
              <value>
                <![CDATA["Verify that the list of Books are getting displayed on the Books page"]]>
              </value>
            </param>
            <param index="1">
              <value>
                <![CDATA["Browse and purchase books"]]>
              </value>
            </param>
          </params>
          <reporter-output>
          </reporter-output>
        </test-method> <!-- runScenario -->
        <test-method signature="runScenario(io.cucumber.testng.PickleWrapper,io.cucumber.testng.FeatureWrapper)[pri:0, instance:com.odyssey.TestRunner.TestRunnerPurchaseBooks@13f95696]" started-at="2023-01-17T13:09:29 IST" name="runScenario" description="Runs Cucumber Scenarios" data-provider="scenarios" finished-at="2023-01-17T13:10:02 IST" duration-ms="32675" status="PASS">
          <params>
            <param index="0">
              <value>
                <![CDATA["Verify that user is able to Complete the Order"]]>
              </value>
            </param>
            <param index="1">
              <value>
                <![CDATA["Browse and purchase books"]]>
              </value>
            </param>
          </params>
          <reporter-output>
          </reporter-output>
        </test-method> <!-- runScenario -->
        <test-method is-config="true" signature="tearDownClass()[pri:0, instance:com.odyssey.TestRunner.TestRunnerPurchaseBooks@13f95696]" started-at="2023-01-17T13:10:02 IST" name="tearDownClass" finished-at="2023-01-17T13:10:05 IST" duration-ms="2589" status="PASS">
          <reporter-output>
          </reporter-output>
        </test-method> <!-- tearDownClass -->
        <test-method is-config="true" signature="tearDown()[pri:0, instance:com.odyssey.TestRunner.TestRunnerPurchaseBooks@13f95696]" started-at="2023-01-17T13:10:05 IST" name="tearDown" finished-at="2023-01-17T13:10:05 IST" duration-ms="418" status="PASS">
          <reporter-output>
          </reporter-output>
        </test-method> <!-- tearDown -->
      </class> <!-- com.odyssey.TestRunner.TestRunnerPurchaseBooks -->
    </test> <!-- Test Odyssey e-Commerce Site -->
  </suite> <!-- Automation Suite -->
</testng-results>
