<?xml version="1.0" encoding="UTF-8"?>
<testng-results ignored="0" total="4" passed="4" failed="0" skipped="0">
  <reporter-output>
  </reporter-output>
  <suite started-at="2023-01-20T14:42:24 IST" name="Test Automation Suite" finished-at="2023-01-20T14:43:51 IST" duration-ms="87532">
    <groups>
      <group name="cucumber">
        <method signature="AbstractTestNGCucumberTests.runScenario(io.cucumber.testng.PickleWrapper,io.cucumber.testng.FeatureWrapper)[pri:0, instance:com.odyssey.TestRunner.TestRunnerPurchaseBooks@76884e4b]" name="runScenario" class="io.cucumber.testng.AbstractTestNGCucumberTests"/>
        <method signature="AbstractTestNGCucumberTests.runScenario(io.cucumber.testng.PickleWrapper,io.cucumber.testng.FeatureWrapper)[pri:0, instance:com.odyssey.TestRunner.TestRunnerPurchaseBooks@495fac5f]" name="runScenario" class="io.cucumber.testng.AbstractTestNGCucumberTests"/>
      </group> <!-- cucumber -->
    </groups>
    <test started-at="2023-01-20T14:42:24 IST" name="Test 1 : Odyssey e-Commerce Site in Firefox browser" finished-at="2023-01-20T14:43:14 IST" duration-ms="49667">
      <class name="com.odyssey.TestRunner.TestRunnerPurchaseBooks">
        <test-method is-config="true" signature="setUp(java.lang.String)[pri:0, instance:com.odyssey.TestRunner.TestRunnerPurchaseBooks@76884e4b]" started-at="2023-01-20T14:42:24 IST" name="setUp" finished-at="2023-01-20T14:42:31 IST" duration-ms="7232" status="PASS">
          <params>
            <param index="0">
              <value>
                <![CDATA[Firefox]]>
              </value>
            </param>
          </params>
          <reporter-output>
          </reporter-output>
        </test-method> <!-- setUp -->
        <test-method is-config="true" signature="setUpClass(org.testng.ITestContext)[pri:0, instance:com.odyssey.TestRunner.TestRunnerPurchaseBooks@76884e4b]" started-at="2023-01-20T14:42:31 IST" name="setUpClass" finished-at="2023-01-20T14:42:32 IST" duration-ms="887" status="PASS">
          <params>
            <param index="0">
              <value>
                <![CDATA[org.testng.TestRunner@10f10230]]>
              </value>
            </param>
          </params>
          <reporter-output>
          </reporter-output>
        </test-method> <!-- setUpClass -->
        <test-method signature="runScenario(io.cucumber.testng.PickleWrapper,io.cucumber.testng.FeatureWrapper)[pri:0, instance:com.odyssey.TestRunner.TestRunnerPurchaseBooks@76884e4b]" started-at="2023-01-20T14:42:32 IST" name="runScenario" description="Runs Cucumber Scenarios" data-provider="scenarios" finished-at="2023-01-20T14:42:35 IST" duration-ms="3097" status="PASS">
          <params>
            <param index="0">
              <value>
                <![CDATA["Verify that the list of Books are getting displayed on the Books page"]]>
              </value>
            </param>
            <param index="1">
              <value>
                <![CDATA["Browse and purchase books"]]>
              </value>
            </param>
          </params>
          <reporter-output>
          </reporter-output>
        </test-method> <!-- runScenario -->
        <test-method signature="runScenario(io.cucumber.testng.PickleWrapper,io.cucumber.testng.FeatureWrapper)[pri:0, instance:com.odyssey.TestRunner.TestRunnerPurchaseBooks@76884e4b]" started-at="2023-01-20T14:42:35 IST" name="runScenario" description="Runs Cucumber Scenarios" data-provider="scenarios" finished-at="2023-01-20T14:43:06 IST" duration-ms="31378" status="PASS">
          <params>
            <param index="0">
              <value>
                <![CDATA["Verify that user is able to Complete the Order"]]>
              </value>
            </param>
            <param index="1">
              <value>
                <![CDATA["Browse and purchase books"]]>
              </value>
            </param>
          </params>
          <reporter-output>
          </reporter-output>
        </test-method> <!-- runScenario -->
        <test-method is-config="true" signature="tearDownClass()[pri:0, instance:com.odyssey.TestRunner.TestRunnerPurchaseBooks@76884e4b]" started-at="2023-01-20T14:43:06 IST" name="tearDownClass" finished-at="2023-01-20T14:43:08 IST" duration-ms="1610" status="PASS">
          <reporter-output>
          </reporter-output>
        </test-method> <!-- tearDownClass -->
        <test-method is-config="true" signature="tearDown()[pri:0, instance:com.odyssey.TestRunner.TestRunnerPurchaseBooks@76884e4b]" started-at="2023-01-20T14:43:08 IST" name="tearDown" finished-at="2023-01-20T14:43:14 IST" duration-ms="5421" status="PASS">
          <reporter-output>
          </reporter-output>
        </test-method> <!-- tearDown -->
      </class> <!-- com.odyssey.TestRunner.TestRunnerPurchaseBooks -->
    </test> <!-- Test 1 : Odyssey e-Commerce Site in Firefox browser -->
    <test started-at="2023-01-20T14:43:14 IST" name="Test 2 : Odyssey e-Commerce Site in Chrome browser" finished-at="2023-01-20T14:43:51 IST" duration-ms="37865">
      <class name="com.odyssey.TestRunner.TestRunnerPurchaseBooks">
        <test-method is-config="true" signature="setup()[pri:0, instance:com.odyssey.TestRunner.TestRunnerPurchaseBooks@495fac5f]" started-at="2023-01-20T14:42:24 IST" name="setup" finished-at="2023-01-20T14:42:24 IST" duration-ms="53" status="PASS">
          <reporter-output>
          </reporter-output>
        </test-method> <!-- setup -->
        <test-method is-config="true" signature="setUp(java.lang.String)[pri:0, instance:com.odyssey.TestRunner.TestRunnerPurchaseBooks@495fac5f]" started-at="2023-01-20T14:43:14 IST" name="setUp" finished-at="2023-01-20T14:43:18 IST" duration-ms="4134" status="PASS">
          <params>
            <param index="0">
              <value>
                <![CDATA[Chrome]]>
              </value>
            </param>
          </params>
          <reporter-output>
          </reporter-output>
        </test-method> <!-- setUp -->
        <test-method is-config="true" signature="setUpClass(org.testng.ITestContext)[pri:0, instance:com.odyssey.TestRunner.TestRunnerPurchaseBooks@495fac5f]" started-at="2023-01-20T14:43:18 IST" name="setUpClass" finished-at="2023-01-20T14:43:18 IST" duration-ms="10" status="PASS">
          <params>
            <param index="0">
              <value>
                <![CDATA[org.testng.TestRunner@3dec769]]>
              </value>
            </param>
          </params>
          <reporter-output>
          </reporter-output>
        </test-method> <!-- setUpClass -->
        <test-method signature="runScenario(io.cucumber.testng.PickleWrapper,io.cucumber.testng.FeatureWrapper)[pri:0, instance:com.odyssey.TestRunner.TestRunnerPurchaseBooks@495fac5f]" started-at="2023-01-20T14:43:18 IST" name="runScenario" description="Runs Cucumber Scenarios" data-provider="scenarios" finished-at="2023-01-20T14:43:21 IST" duration-ms="3229" status="PASS">
          <params>
            <param index="0">
              <value>
                <![CDATA["Verify that the list of Books are getting displayed on the Books page"]]>
              </value>
            </param>
            <param index="1">
              <value>
                <![CDATA["Browse and purchase books"]]>
              </value>
            </param>
          </params>
          <reporter-output>
          </reporter-output>
        </test-method> <!-- runScenario -->
        <test-method signature="runScenario(io.cucumber.testng.PickleWrapper,io.cucumber.testng.FeatureWrapper)[pri:0, instance:com.odyssey.TestRunner.TestRunnerPurchaseBooks@495fac5f]" started-at="2023-01-20T14:43:21 IST" name="runScenario" description="Runs Cucumber Scenarios" data-provider="scenarios" finished-at="2023-01-20T14:43:50 IST" duration-ms="28985" status="PASS">
          <params>
            <param index="0">
              <value>
                <![CDATA["Verify that user is able to Complete the Order"]]>
              </value>
            </param>
            <param index="1">
              <value>
                <![CDATA["Browse and purchase books"]]>
              </value>
            </param>
          </params>
          <reporter-output>
          </reporter-output>
        </test-method> <!-- runScenario -->
        <test-method is-config="true" signature="tearDownClass()[pri:0, instance:com.odyssey.TestRunner.TestRunnerPurchaseBooks@495fac5f]" started-at="2023-01-20T14:43:50 IST" name="tearDownClass" finished-at="2023-01-20T14:43:50 IST" duration-ms="450" status="PASS">
          <reporter-output>
          </reporter-output>
        </test-method> <!-- tearDownClass -->
        <test-method is-config="true" signature="tearDown()[pri:0, instance:com.odyssey.TestRunner.TestRunnerPurchaseBooks@495fac5f]" started-at="2023-01-20T14:43:50 IST" name="tearDown" finished-at="2023-01-20T14:43:51 IST" duration-ms="1050" status="PASS">
          <reporter-output>
          </reporter-output>
        </test-method> <!-- tearDown -->
      </class> <!-- com.odyssey.TestRunner.TestRunnerPurchaseBooks -->
    </test> <!-- Test 2 : Odyssey e-Commerce Site in Chrome browser -->
  </suite> <!-- Test Automation Suite -->
</testng-results>
